[2024-11-30 16:56:28] local.ERROR: PDOException: SQLSTATE[HY000]: General error: 1366 Incorrect integer value: 'null' for column 'cook_id' at row 1 in /home/abujunaid/code/external/LFbackend/vendor/laravel/framework/src/Illuminate/Database/MySqlConnection.php:45
Stack trace:
#0 /home/abujunaid/code/external/LFbackend/vendor/laravel/framework/src/Illuminate/Database/MySqlConnection.php(45): PDOStatement->execute()
#1 /home/abujunaid/code/external/LFbackend/vendor/laravel/framework/src/Illuminate/Database/Connection.php(816): Illuminate\Database\MySqlConnection->Illuminate\Database\{closure}()
#2 /home/abujunaid/code/external/LFbackend/vendor/laravel/framework/src/Illuminate/Database/Connection.php(783): Illuminate\Database\Connection->runQueryCallback()
#3 /home/abujunaid/code/external/LFbackend/vendor/laravel/framework/src/Illuminate/Database/MySqlConnection.php(34): Illuminate\Database\Connection->run()
#4 /home/abujunaid/code/external/LFbackend/vendor/laravel/framework/src/Illuminate/Database/Query/Processors/MySqlProcessor.php(35): Illuminate\Database\MySqlConnection->insert()
#5 /home/abujunaid/code/external/LFbackend/vendor/laravel/framework/src/Illuminate/Database/Query/Builder.php(3549): Illuminate\Database\Query\Processors\MySqlProcessor->processInsertGetId()
#6 /home/abujunaid/code/external/LFbackend/vendor/laravel/framework/src/Illuminate/Database/Eloquent/Builder.php(1982): Illuminate\Database\Query\Builder->insertGetId()
#7 /home/abujunaid/code/external/LFbackend/vendor/laravel/framework/src/Illuminate/Database/Eloquent/Model.php(1334): Illuminate\Database\Eloquent\Builder->__call()
#8 /home/abujunaid/code/external/LFbackend/vendor/laravel/framework/src/Illuminate/Database/Eloquent/Model.php(1299): Illuminate\Database\Eloquent\Model->insertAndSetId()
#9 /home/abujunaid/code/external/LFbackend/vendor/laravel/framework/src/Illuminate/Database/Eloquent/Model.php(1138): Illuminate\Database\Eloquent\Model->performInsert()
#10 /home/abujunaid/code/external/LFbackend/vendor/laravel/framework/src/Illuminate/Database/Eloquent/Builder.php(1025): Illuminate\Database\Eloquent\Model->save()
#11 /home/abujunaid/code/external/LFbackend/vendor/laravel/framework/src/Illuminate/Support/helpers.php(307): Illuminate\Database\Eloquent\Builder->Illuminate\Database\Eloquent\{closure}()
#12 /home/abujunaid/code/external/LFbackend/vendor/laravel/framework/src/Illuminate/Database/Eloquent/Builder.php(1024): tap()
#13 /home/abujunaid/code/external/LFbackend/vendor/laravel/framework/src/Illuminate/Support/Traits/ForwardsCalls.php(23): Illuminate\Database\Eloquent\Builder->create()
#14 /home/abujunaid/code/external/LFbackend/vendor/laravel/framework/src/Illuminate/Database/Eloquent/Model.php(2335): Illuminate\Database\Eloquent\Model->forwardCallTo()
#15 /home/abujunaid/code/external/LFbackend/vendor/laravel/framework/src/Illuminate/Database/Eloquent/Model.php(2347): Illuminate\Database\Eloquent\Model->__call()
#16 /home/abujunaid/code/external/LFbackend/app/Http/Controllers/Meal/v1/MealController.php(194): Illuminate\Database\Eloquent\Model::__callStatic()
#17 /home/abujunaid/code/external/LFbackend/vendor/laravel/framework/src/Illuminate/Routing/Controller.php(54): App\Http\Controllers\Meal\v1\MealController->store()
#18 /home/abujunaid/code/external/LFbackend/vendor/laravel/framework/src/Illuminate/Routing/ControllerDispatcher.php(43): Illuminate\Routing\Controller->callAction()
#19 /home/abujunaid/code/external/LFbackend/vendor/laravel/framework/src/Illuminate/Routing/Route.php(259): Illuminate\Routing\ControllerDispatcher->dispatch()
#20 /home/abujunaid/code/external/LFbackend/vendor/laravel/framework/src/Illuminate/Routing/Route.php(205): Illuminate\Routing\Route->runController()
#21 /home/abujunaid/code/external/LFbackend/vendor/laravel/framework/src/Illuminate/Routing/Router.php(806): Illuminate\Routing\Route->run()
#22 /home/abujunaid/code/external/LFbackend/vendor/laravel/framework/src/Illuminate/Pipeline/Pipeline.php(146): Illuminate\Routing\Router->Illuminate\Routing\{closure}()
#23 /home/abujunaid/code/external/LFbackend/vendor/laravel/framework/src/Illuminate/Routing/Middleware/SubstituteBindings.php(50): Illuminate\Pipeline\Pipeline->Illuminate\Pipeline\{closure}()
#24 /home/abujunaid/code/external/LFbackend/vendor/laravel/framework/src/Illuminate/Pipeline/Pipeline.php(185): Illuminate\Routing\Middleware\SubstituteBindings->handle()
#25 /home/abujunaid/code/external/LFbackend/vendor/laravel/framework/src/Illuminate/Routing/Middleware/ThrottleRequests.php(159): Illuminate\Pipeline\Pipeline->Illuminate\Pipeline\{closure}()
#26 /home/abujunaid/code/external/LFbackend/vendor/laravel/framework/src/Illuminate/Routing/Middleware/ThrottleRequests.php(125): Illuminate\Routing\Middleware\ThrottleRequests->handleRequest()
#27 /home/abujunaid/code/external/LFbackend/vendor/laravel/framework/src/Illuminate/Routing/Middleware/ThrottleRequests.php(87): Illuminate\Routing\Middleware\ThrottleRequests->handleRequestUsingNamedLimiter()
#28 /home/abujunaid/code/external/LFbackend/vendor/laravel/framework/src/Illuminate/Pipeline/Pipeline.php(185): Illuminate\Routing\Middleware\ThrottleRequests->handle()
#29 /home/abujunaid/code/external/LFbackend/vendor/laravel/framework/src/Illuminate/Auth/Middleware/Authenticate.php(57): Illuminate\Pipeline\Pipeline->Illuminate\Pipeline\{closure}()
#30 /home/abujunaid/code/external/LFbackend/vendor/laravel/framework/src/Illuminate/Pipeline/Pipeline.php(185): Illuminate\Auth\Middleware\Authenticate->handle()
#31 /home/abujunaid/code/external/LFbackend/vendor/laravel/framework/src/Illuminate/Pipeline/Pipeline.php(121): Illuminate\Pipeline\Pipeline->Illuminate\Pipeline\{closure}()
#32 /home/abujunaid/code/external/LFbackend/vendor/laravel/framework/src/Illuminate/Routing/Router.php(805): Illuminate\Pipeline\Pipeline->then()
#33 /home/abujunaid/code/external/LFbackend/vendor/laravel/framework/src/Illuminate/Routing/Router.php(784): Illuminate\Routing\Router->runRouteWithinStack()
#34 /home/abujunaid/code/external/LFbackend/vendor/laravel/framework/src/Illuminate/Routing/Router.php(748): Illuminate\Routing\Router->runRoute()
#35 /home/abujunaid/code/external/LFbackend/vendor/laravel/framework/src/Illuminate/Routing/Router.php(737): Illuminate\Routing\Router->dispatchToRoute()
#36 /home/abujunaid/code/external/LFbackend/vendor/laravel/framework/src/Illuminate/Foundation/Http/Kernel.php(200): Illuminate\Routing\Router->dispatch()
#37 /home/abujunaid/code/external/LFbackend/vendor/laravel/framework/src/Illuminate/Pipeline/Pipeline.php(146): Illuminate\Foundation\Http\Kernel->Illuminate\Foundation\Http\{closure}()
#38 /home/abujunaid/code/external/LFbackend/vendor/laravel/framework/src/Illuminate/Foundation/Http/Middleware/TransformsRequest.php(21): Illuminate\Pipeline\Pipeline->Illuminate\Pipeline\{closure}()
#39 /home/abujunaid/code/external/LFbackend/vendor/laravel/framework/src/Illuminate/Foundation/Http/Middleware/ConvertEmptyStringsToNull.php(31): Illuminate\Foundation\Http\Middleware\TransformsRequest->handle()
#40 /home/abujunaid/code/external/LFbackend/vendor/laravel/framework/src/Illuminate/Pipeline/Pipeline.php(185): Illuminate\Foundation\Http\Middleware\ConvertEmptyStringsToNull->handle()
#41 /home/abujunaid/code/external/LFbackend/vendor/laravel/framework/src/Illuminate/Foundation/Http/Middleware/TransformsRequest.php(21): Illuminate\Pipeline\Pipeline->Illuminate\Pipeline\{closure}()
#42 /home/abujunaid/code/external/LFbackend/vendor/laravel/framework/src/Illuminate/Foundation/Http/Middleware/TrimStrings.php(40): Illuminate\Foundation\Http\Middleware\TransformsRequest->handle()
#43 /home/abujunaid/code/external/LFbackend/vendor/laravel/framework/src/Illuminate/Pipeline/Pipeline.php(185): Illuminate\Foundation\Http\Middleware\TrimStrings->handle()
#44 /home/abujunaid/code/external/LFbackend/vendor/laravel/framework/src/Illuminate/Foundation/Http/Middleware/ValidatePostSize.php(27): Illuminate\Pipeline\Pipeline->Illuminate\Pipeline\{closure}()
#45 /home/abujunaid/code/external/LFbackend/vendor/laravel/framework/src/Illuminate/Pipeline/Pipeline.php(185): Illuminate\Foundation\Http\Middleware\ValidatePostSize->handle()
#46 /home/abujunaid/code/external/LFbackend/vendor/laravel/framework/src/Illuminate/Foundation/Http/Middleware/PreventRequestsDuringMaintenance.php(99): Illuminate\Pipeline\Pipeline->Illuminate\Pipeline\{closure}()
#47 /home/abujunaid/code/external/LFbackend/vendor/laravel/framework/src/Illuminate/Pipeline/Pipeline.php(185): Illuminate\Foundation\Http\Middleware\PreventRequestsDuringMaintenance->handle()
#48 /home/abujunaid/code/external/LFbackend/vendor/laravel/framework/src/Illuminate/Http/Middleware/HandleCors.php(62): Illuminate\Pipeline\Pipeline->Illuminate\Pipeline\{closure}()
#49 /home/abujunaid/code/external/LFbackend/vendor/laravel/framework/src/Illuminate/Pipeline/Pipeline.php(185): Illuminate\Http\Middleware\HandleCors->handle()
#50 /home/abujunaid/code/external/LFbackend/vendor/laravel/framework/src/Illuminate/Http/Middleware/TrustProxies.php(39): Illuminate\Pipeline\Pipeline->Illuminate\Pipeline\{closure}()
#51 /home/abujunaid/code/external/LFbackend/vendor/laravel/framework/src/Illuminate/Pipeline/Pipeline.php(185): Illuminate\Http\Middleware\TrustProxies->handle()
#52 /home/abujunaid/code/external/LFbackend/vendor/laravel/framework/src/Illuminate/Pipeline/Pipeline.php(121): Illuminate\Pipeline\Pipeline->Illuminate\Pipeline\{closure}()
#53 /home/abujunaid/code/external/LFbackend/vendor/laravel/framework/src/Illuminate/Foundation/Http/Kernel.php(175): Illuminate\Pipeline\Pipeline->then()
#54 /home/abujunaid/code/external/LFbackend/vendor/laravel/framework/src/Illuminate/Foundation/Http/Kernel.php(144): Illuminate\Foundation\Http\Kernel->sendRequestThroughRouter()
#55 /home/abujunaid/code/external/LFbackend/public/index.php(51): Illuminate\Foundation\Http\Kernel->handle()
#56 /home/abujunaid/code/external/LFbackend/vendor/laravel/framework/src/Illuminate/Foundation/resources/server.php(16): require_once('...')
#57 {main}

Next Illuminate\Database\QueryException: SQLSTATE[HY000]: General error: 1366 Incorrect integer value: 'null' for column 'cook_id' at row 1 (Connection: mysql, SQL: insert into `meals` (`cook_id`, `meal_name`, `meal_price`, `min_qty`, `max_qty`, `meal_type`, `prep_time`, `meal_desc`, `ingredients`, `serving_advice`, `booked_status`, `express_status`, `status`, `updated_at`, `created_at`) values (null, Wali, 250, 4, 8, ready to eat, 40, Wali wa nazi, 1. Nali 
2. Mchele
3. Okay, One plate per person, 1, 0, 0, 2024-11-30 16:56:28, 2024-11-30 16:56:28)) in /home/abujunaid/code/external/LFbackend/vendor/laravel/framework/src/Illuminate/Database/Connection.php:829
Stack trace:
#0 /home/abujunaid/code/external/LFbackend/vendor/laravel/framework/src/Illuminate/Database/Connection.php(783): Illuminate\Database\Connection->runQueryCallback()
#1 /home/abujunaid/code/external/LFbackend/vendor/laravel/framework/src/Illuminate/Database/MySqlConnection.php(34): Illuminate\Database\Connection->run()
#2 /home/abujunaid/code/external/LFbackend/vendor/laravel/framework/src/Illuminate/Database/Query/Processors/MySqlProcessor.php(35): Illuminate\Database\MySqlConnection->insert()
#3 /home/abujunaid/code/external/LFbackend/vendor/laravel/framework/src/Illuminate/Database/Query/Builder.php(3549): Illuminate\Database\Query\Processors\MySqlProcessor->processInsertGetId()
#4 /home/abujunaid/code/external/LFbackend/vendor/laravel/framework/src/Illuminate/Database/Eloquent/Builder.php(1982): Illuminate\Database\Query\Builder->insertGetId()
#5 /home/abujunaid/code/external/LFbackend/vendor/laravel/framework/src/Illuminate/Database/Eloquent/Model.php(1334): Illuminate\Database\Eloquent\Builder->__call()
#6 /home/abujunaid/code/external/LFbackend/vendor/laravel/framework/src/Illuminate/Database/Eloquent/Model.php(1299): Illuminate\Database\Eloquent\Model->insertAndSetId()
#7 /home/abujunaid/code/external/LFbackend/vendor/laravel/framework/src/Illuminate/Database/Eloquent/Model.php(1138): Illuminate\Database\Eloquent\Model->performInsert()
#8 /home/abujunaid/code/external/LFbackend/vendor/laravel/framework/src/Illuminate/Database/Eloquent/Builder.php(1025): Illuminate\Database\Eloquent\Model->save()
#9 /home/abujunaid/code/external/LFbackend/vendor/laravel/framework/src/Illuminate/Support/helpers.php(307): Illuminate\Database\Eloquent\Builder->Illuminate\Database\Eloquent\{closure}()
#10 /home/abujunaid/code/external/LFbackend/vendor/laravel/framework/src/Illuminate/Database/Eloquent/Builder.php(1024): tap()
#11 /home/abujunaid/code/external/LFbackend/vendor/laravel/framework/src/Illuminate/Support/Traits/ForwardsCalls.php(23): Illuminate\Database\Eloquent\Builder->create()
#12 /home/abujunaid/code/external/LFbackend/vendor/laravel/framework/src/Illuminate/Database/Eloquent/Model.php(2335): Illuminate\Database\Eloquent\Model->forwardCallTo()
#13 /home/abujunaid/code/external/LFbackend/vendor/laravel/framework/src/Illuminate/Database/Eloquent/Model.php(2347): Illuminate\Database\Eloquent\Model->__call()
#14 /home/abujunaid/code/external/LFbackend/app/Http/Controllers/Meal/v1/MealController.php(194): Illuminate\Database\Eloquent\Model::__callStatic()
#15 /home/abujunaid/code/external/LFbackend/vendor/laravel/framework/src/Illuminate/Routing/Controller.php(54): App\Http\Controllers\Meal\v1\MealController->store()
#16 /home/abujunaid/code/external/LFbackend/vendor/laravel/framework/src/Illuminate/Routing/ControllerDispatcher.php(43): Illuminate\Routing\Controller->callAction()
#17 /home/abujunaid/code/external/LFbackend/vendor/laravel/framework/src/Illuminate/Routing/Route.php(259): Illuminate\Routing\ControllerDispatcher->dispatch()
#18 /home/abujunaid/code/external/LFbackend/vendor/laravel/framework/src/Illuminate/Routing/Route.php(205): Illuminate\Routing\Route->runController()
#19 /home/abujunaid/code/external/LFbackend/vendor/laravel/framework/src/Illuminate/Routing/Router.php(806): Illuminate\Routing\Route->run()
#20 /home/abujunaid/code/external/LFbackend/vendor/laravel/framework/src/Illuminate/Pipeline/Pipeline.php(146): Illuminate\Routing\Router->Illuminate\Routing\{closure}()
#21 /home/abujunaid/code/external/LFbackend/vendor/laravel/framework/src/Illuminate/Routing/Middleware/SubstituteBindings.php(50): Illuminate\Pipeline\Pipeline->Illuminate\Pipeline\{closure}()
#22 /home/abujunaid/code/external/LFbackend/vendor/laravel/framework/src/Illuminate/Pipeline/Pipeline.php(185): Illuminate\Routing\Middleware\SubstituteBindings->handle()
#23 /home/abujunaid/code/external/LFbackend/vendor/laravel/framework/src/Illuminate/Routing/Middleware/ThrottleRequests.php(159): Illuminate\Pipeline\Pipeline->Illuminate\Pipeline\{closure}()
#24 /home/abujunaid/code/external/LFbackend/vendor/laravel/framework/src/Illuminate/Routing/Middleware/ThrottleRequests.php(125): Illuminate\Routing\Middleware\ThrottleRequests->handleRequest()
#25 /home/abujunaid/code/external/LFbackend/vendor/laravel/framework/src/Illuminate/Routing/Middleware/ThrottleRequests.php(87): Illuminate\Routing\Middleware\ThrottleRequests->handleRequestUsingNamedLimiter()
#26 /home/abujunaid/code/external/LFbackend/vendor/laravel/framework/src/Illuminate/Pipeline/Pipeline.php(185): Illuminate\Routing\Middleware\ThrottleRequests->handle()
#27 /home/abujunaid/code/external/LFbackend/vendor/laravel/framework/src/Illuminate/Auth/Middleware/Authenticate.php(57): Illuminate\Pipeline\Pipeline->Illuminate\Pipeline\{closure}()
#28 /home/abujunaid/code/external/LFbackend/vendor/laravel/framework/src/Illuminate/Pipeline/Pipeline.php(185): Illuminate\Auth\Middleware\Authenticate->handle()
#29 /home/abujunaid/code/external/LFbackend/vendor/laravel/framework/src/Illuminate/Pipeline/Pipeline.php(121): Illuminate\Pipeline\Pipeline->Illuminate\Pipeline\{closure}()
#30 /home/abujunaid/code/external/LFbackend/vendor/laravel/framework/src/Illuminate/Routing/Router.php(805): Illuminate\Pipeline\Pipeline->then()
#31 /home/abujunaid/code/external/LFbackend/vendor/laravel/framework/src/Illuminate/Routing/Router.php(784): Illuminate\Routing\Router->runRouteWithinStack()
#32 /home/abujunaid/code/external/LFbackend/vendor/laravel/framework/src/Illuminate/Routing/Router.php(748): Illuminate\Routing\Router->runRoute()
#33 /home/abujunaid/code/external/LFbackend/vendor/laravel/framework/src/Illuminate/Routing/Router.php(737): Illuminate\Routing\Router->dispatchToRoute()
#34 /home/abujunaid/code/external/LFbackend/vendor/laravel/framework/src/Illuminate/Foundation/Http/Kernel.php(200): Illuminate\Routing\Router->dispatch()
#35 /home/abujunaid/code/external/LFbackend/vendor/laravel/framework/src/Illuminate/Pipeline/Pipeline.php(146): Illuminate\Foundation\Http\Kernel->Illuminate\Foundation\Http\{closure}()
#36 /home/abujunaid/code/external/LFbackend/vendor/laravel/framework/src/Illuminate/Foundation/Http/Middleware/TransformsRequest.php(21): Illuminate\Pipeline\Pipeline->Illuminate\Pipeline\{closure}()
#37 /home/abujunaid/code/external/LFbackend/vendor/laravel/framework/src/Illuminate/Foundation/Http/Middleware/ConvertEmptyStringsToNull.php(31): Illuminate\Foundation\Http\Middleware\TransformsRequest->handle()
#38 /home/abujunaid/code/external/LFbackend/vendor/laravel/framework/src/Illuminate/Pipeline/Pipeline.php(185): Illuminate\Foundation\Http\Middleware\ConvertEmptyStringsToNull->handle()
#39 /home/abujunaid/code/external/LFbackend/vendor/laravel/framework/src/Illuminate/Foundation/Http/Middleware/TransformsRequest.php(21): Illuminate\Pipeline\Pipeline->Illuminate\Pipeline\{closure}()
#40 /home/abujunaid/code/external/LFbackend/vendor/laravel/framework/src/Illuminate/Foundation/Http/Middleware/TrimStrings.php(40): Illuminate\Foundation\Http\Middleware\TransformsRequest->handle()
#41 /home/abujunaid/code/external/LFbackend/vendor/laravel/framework/src/Illuminate/Pipeline/Pipeline.php(185): Illuminate\Foundation\Http\Middleware\TrimStrings->handle()
#42 /home/abujunaid/code/external/LFbackend/vendor/laravel/framework/src/Illuminate/Foundation/Http/Middleware/ValidatePostSize.php(27): Illuminate\Pipeline\Pipeline->Illuminate\Pipeline\{closure}()
#43 /home/abujunaid/code/external/LFbackend/vendor/laravel/framework/src/Illuminate/Pipeline/Pipeline.php(185): Illuminate\Foundation\Http\Middleware\ValidatePostSize->handle()
#44 /home/abujunaid/code/external/LFbackend/vendor/laravel/framework/src/Illuminate/Foundation/Http/Middleware/PreventRequestsDuringMaintenance.php(99): Illuminate\Pipeline\Pipeline->Illuminate\Pipeline\{closure}()
#45 /home/abujunaid/code/external/LFbackend/vendor/laravel/framework/src/Illuminate/Pipeline/Pipeline.php(185): Illuminate\Foundation\Http\Middleware\PreventRequestsDuringMaintenance->handle()
#46 /home/abujunaid/code/external/LFbackend/vendor/laravel/framework/src/Illuminate/Http/Middleware/HandleCors.php(62): Illuminate\Pipeline\Pipeline->Illuminate\Pipeline\{closure}()
#47 /home/abujunaid/code/external/LFbackend/vendor/laravel/framework/src/Illuminate/Pipeline/Pipeline.php(185): Illuminate\Http\Middleware\HandleCors->handle()
#48 /home/abujunaid/code/external/LFbackend/vendor/laravel/framework/src/Illuminate/Http/Middleware/TrustProxies.php(39): Illuminate\Pipeline\Pipeline->Illuminate\Pipeline\{closure}()
#49 /home/abujunaid/code/external/LFbackend/vendor/laravel/framework/src/Illuminate/Pipeline/Pipeline.php(185): Illuminate\Http\Middleware\TrustProxies->handle()
#50 /home/abujunaid/code/external/LFbackend/vendor/laravel/framework/src/Illuminate/Pipeline/Pipeline.php(121): Illuminate\Pipeline\Pipeline->Illuminate\Pipeline\{closure}()
#51 /home/abujunaid/code/external/LFbackend/vendor/laravel/framework/src/Illuminate/Foundation/Http/Kernel.php(175): Illuminate\Pipeline\Pipeline->then()
#52 /home/abujunaid/code/external/LFbackend/vendor/laravel/framework/src/Illuminate/Foundation/Http/Kernel.php(144): Illuminate\Foundation\Http\Kernel->sendRequestThroughRouter()
#53 /home/abujunaid/code/external/LFbackend/public/index.php(51): Illuminate\Foundation\Http\Kernel->handle()
#54 /home/abujunaid/code/external/LFbackend/vendor/laravel/framework/src/Illuminate/Foundation/resources/server.php(16): require_once('...')
#55 {main}  
[2024-11-30 16:56:28] local.ERROR: SQLSTATE[HY000]: General error: 1366 Incorrect integer value: 'null' for column 'cook_id' at row 1 (Connection: mysql, SQL: insert into `meals` (`cook_id`, `meal_name`, `meal_price`, `min_qty`, `max_qty`, `meal_type`, `prep_time`, `meal_desc`, `ingredients`, `serving_advice`, `booked_status`, `express_status`, `status`, `updated_at`, `created_at`) values (null, Wali, 250, 4, 8, ready to eat, 40, Wali wa nazi, 1. Nali 
2. Mchele
3. Okay, One plate per person, 1, 0, 0, 2024-11-30 16:56:28, 2024-11-30 16:56:28)) {"userId":1,"exception":"[object] (Illuminate\\Database\\QueryException(code: HY000): SQLSTATE[HY000]: General error: 1366 Incorrect integer value: 'null' for column 'cook_id' at row 1 (Connection: mysql, SQL: insert into `meals` (`cook_id`, `meal_name`, `meal_price`, `min_qty`, `max_qty`, `meal_type`, `prep_time`, `meal_desc`, `ingredients`, `serving_advice`, `booked_status`, `express_status`, `status`, `updated_at`, `created_at`) values (null, Wali, 250, 4, 8, ready to eat, 40, Wali wa nazi, 1. Nali 
2. Mchele
3. Okay, One plate per person, 1, 0, 0, 2024-11-30 16:56:28, 2024-11-30 16:56:28)) at /home/abujunaid/code/external/LFbackend/vendor/laravel/framework/src/Illuminate/Database/Connection.php:829)
[stacktrace]
#0 /home/abujunaid/code/external/LFbackend/vendor/laravel/framework/src/Illuminate/Database/Connection.php(783): Illuminate\\Database\\Connection->runQueryCallback()
#1 /home/abujunaid/code/external/LFbackend/vendor/laravel/framework/src/Illuminate/Database/MySqlConnection.php(34): Illuminate\\Database\\Connection->run()
#2 /home/abujunaid/code/external/LFbackend/vendor/laravel/framework/src/Illuminate/Database/Query/Processors/MySqlProcessor.php(35): Illuminate\\Database\\MySqlConnection->insert()
#3 /home/abujunaid/code/external/LFbackend/vendor/laravel/framework/src/Illuminate/Database/Query/Builder.php(3549): Illuminate\\Database\\Query\\Processors\\MySqlProcessor->processInsertGetId()
#4 /home/abujunaid/code/external/LFbackend/vendor/laravel/framework/src/Illuminate/Database/Eloquent/Builder.php(1982): Illuminate\\Database\\Query\\Builder->insertGetId()
#5 /home/abujunaid/code/external/LFbackend/vendor/laravel/framework/src/Illuminate/Database/Eloquent/Model.php(1334): Illuminate\\Database\\Eloquent\\Builder->__call()
#6 /home/abujunaid/code/external/LFbackend/vendor/laravel/framework/src/Illuminate/Database/Eloquent/Model.php(1299): Illuminate\\Database\\Eloquent\\Model->insertAndSetId()
#7 /home/abujunaid/code/external/LFbackend/vendor/laravel/framework/src/Illuminate/Database/Eloquent/Model.php(1138): Illuminate\\Database\\Eloquent\\Model->performInsert()
#8 /home/abujunaid/code/external/LFbackend/vendor/laravel/framework/src/Illuminate/Database/Eloquent/Builder.php(1025): Illuminate\\Database\\Eloquent\\Model->save()
#9 /home/abujunaid/code/external/LFbackend/vendor/laravel/framework/src/Illuminate/Support/helpers.php(307): Illuminate\\Database\\Eloquent\\Builder->Illuminate\\Database\\Eloquent\\{closure}()
#10 /home/abujunaid/code/external/LFbackend/vendor/laravel/framework/src/Illuminate/Database/Eloquent/Builder.php(1024): tap()
#11 /home/abujunaid/code/external/LFbackend/vendor/laravel/framework/src/Illuminate/Support/Traits/ForwardsCalls.php(23): Illuminate\\Database\\Eloquent\\Builder->create()
#12 /home/abujunaid/code/external/LFbackend/vendor/laravel/framework/src/Illuminate/Database/Eloquent/Model.php(2335): Illuminate\\Database\\Eloquent\\Model->forwardCallTo()
#13 /home/abujunaid/code/external/LFbackend/vendor/laravel/framework/src/Illuminate/Database/Eloquent/Model.php(2347): Illuminate\\Database\\Eloquent\\Model->__call()
#14 /home/abujunaid/code/external/LFbackend/app/Http/Controllers/Meal/v1/MealController.php(194): Illuminate\\Database\\Eloquent\\Model::__callStatic()
#15 /home/abujunaid/code/external/LFbackend/vendor/laravel/framework/src/Illuminate/Routing/Controller.php(54): App\\Http\\Controllers\\Meal\\v1\\MealController->store()
#16 /home/abujunaid/code/external/LFbackend/vendor/laravel/framework/src/Illuminate/Routing/ControllerDispatcher.php(43): Illuminate\\Routing\\Controller->callAction()
#17 /home/abujunaid/code/external/LFbackend/vendor/laravel/framework/src/Illuminate/Routing/Route.php(259): Illuminate\\Routing\\ControllerDispatcher->dispatch()
#18 /home/abujunaid/code/external/LFbackend/vendor/laravel/framework/src/Illuminate/Routing/Route.php(205): Illuminate\\Routing\\Route->runController()
#19 /home/abujunaid/code/external/LFbackend/vendor/laravel/framework/src/Illuminate/Routing/Router.php(806): Illuminate\\Routing\\Route->run()
#20 /home/abujunaid/code/external/LFbackend/vendor/laravel/framework/src/Illuminate/Pipeline/Pipeline.php(146): Illuminate\\Routing\\Router->Illuminate\\Routing\\{closure}()
#21 /home/abujunaid/code/external/LFbackend/vendor/laravel/framework/src/Illuminate/Routing/Middleware/SubstituteBindings.php(50): Illuminate\\Pipeline\\Pipeline->Illuminate\\Pipeline\\{closure}()
#22 /home/abujunaid/code/external/LFbackend/vendor/laravel/framework/src/Illuminate/Pipeline/Pipeline.php(185): Illuminate\\Routing\\Middleware\\SubstituteBindings->handle()
#23 /home/abujunaid/code/external/LFbackend/vendor/laravel/framework/src/Illuminate/Routing/Middleware/ThrottleRequests.php(159): Illuminate\\Pipeline\\Pipeline->Illuminate\\Pipeline\\{closure}()
#24 /home/abujunaid/code/external/LFbackend/vendor/laravel/framework/src/Illuminate/Routing/Middleware/ThrottleRequests.php(125): Illuminate\\Routing\\Middleware\\ThrottleRequests->handleRequest()
#25 /home/abujunaid/code/external/LFbackend/vendor/laravel/framework/src/Illuminate/Routing/Middleware/ThrottleRequests.php(87): Illuminate\\Routing\\Middleware\\ThrottleRequests->handleRequestUsingNamedLimiter()
#26 /home/abujunaid/code/external/LFbackend/vendor/laravel/framework/src/Illuminate/Pipeline/Pipeline.php(185): Illuminate\\Routing\\Middleware\\ThrottleRequests->handle()
#27 /home/abujunaid/code/external/LFbackend/vendor/laravel/framework/src/Illuminate/Auth/Middleware/Authenticate.php(57): Illuminate\\Pipeline\\Pipeline->Illuminate\\Pipeline\\{closure}()
#28 /home/abujunaid/code/external/LFbackend/vendor/laravel/framework/src/Illuminate/Pipeline/Pipeline.php(185): Illuminate\\Auth\\Middleware\\Authenticate->handle()
#29 /home/abujunaid/code/external/LFbackend/vendor/laravel/framework/src/Illuminate/Pipeline/Pipeline.php(121): Illuminate\\Pipeline\\Pipeline->Illuminate\\Pipeline\\{closure}()
#30 /home/abujunaid/code/external/LFbackend/vendor/laravel/framework/src/Illuminate/Routing/Router.php(805): Illuminate\\Pipeline\\Pipeline->then()
#31 /home/abujunaid/code/external/LFbackend/vendor/laravel/framework/src/Illuminate/Routing/Router.php(784): Illuminate\\Routing\\Router->runRouteWithinStack()
#32 /home/abujunaid/code/external/LFbackend/vendor/laravel/framework/src/Illuminate/Routing/Router.php(748): Illuminate\\Routing\\Router->runRoute()
#33 /home/abujunaid/code/external/LFbackend/vendor/laravel/framework/src/Illuminate/Routing/Router.php(737): Illuminate\\Routing\\Router->dispatchToRoute()
#34 /home/abujunaid/code/external/LFbackend/vendor/laravel/framework/src/Illuminate/Foundation/Http/Kernel.php(200): Illuminate\\Routing\\Router->dispatch()
#35 /home/abujunaid/code/external/LFbackend/vendor/laravel/framework/src/Illuminate/Pipeline/Pipeline.php(146): Illuminate\\Foundation\\Http\\Kernel->Illuminate\\Foundation\\Http\\{closure}()
#36 /home/abujunaid/code/external/LFbackend/vendor/laravel/framework/src/Illuminate/Foundation/Http/Middleware/TransformsRequest.php(21): Illuminate\\Pipeline\\Pipeline->Illuminate\\Pipeline\\{closure}()
#37 /home/abujunaid/code/external/LFbackend/vendor/laravel/framework/src/Illuminate/Foundation/Http/Middleware/ConvertEmptyStringsToNull.php(31): Illuminate\\Foundation\\Http\\Middleware\\TransformsRequest->handle()
#38 /home/abujunaid/code/external/LFbackend/vendor/laravel/framework/src/Illuminate/Pipeline/Pipeline.php(185): Illuminate\\Foundation\\Http\\Middleware\\ConvertEmptyStringsToNull->handle()
#39 /home/abujunaid/code/external/LFbackend/vendor/laravel/framework/src/Illuminate/Foundation/Http/Middleware/TransformsRequest.php(21): Illuminate\\Pipeline\\Pipeline->Illuminate\\Pipeline\\{closure}()
#40 /home/abujunaid/code/external/LFbackend/vendor/laravel/framework/src/Illuminate/Foundation/Http/Middleware/TrimStrings.php(40): Illuminate\\Foundation\\Http\\Middleware\\TransformsRequest->handle()
#41 /home/abujunaid/code/external/LFbackend/vendor/laravel/framework/src/Illuminate/Pipeline/Pipeline.php(185): Illuminate\\Foundation\\Http\\Middleware\\TrimStrings->handle()
#42 /home/abujunaid/code/external/LFbackend/vendor/laravel/framework/src/Illuminate/Foundation/Http/Middleware/ValidatePostSize.php(27): Illuminate\\Pipeline\\Pipeline->Illuminate\\Pipeline\\{closure}()
#43 /home/abujunaid/code/external/LFbackend/vendor/laravel/framework/src/Illuminate/Pipeline/Pipeline.php(185): Illuminate\\Foundation\\Http\\Middleware\\ValidatePostSize->handle()
#44 /home/abujunaid/code/external/LFbackend/vendor/laravel/framework/src/Illuminate/Foundation/Http/Middleware/PreventRequestsDuringMaintenance.php(99): Illuminate\\Pipeline\\Pipeline->Illuminate\\Pipeline\\{closure}()
#45 /home/abujunaid/code/external/LFbackend/vendor/laravel/framework/src/Illuminate/Pipeline/Pipeline.php(185): Illuminate\\Foundation\\Http\\Middleware\\PreventRequestsDuringMaintenance->handle()
#46 /home/abujunaid/code/external/LFbackend/vendor/laravel/framework/src/Illuminate/Http/Middleware/HandleCors.php(62): Illuminate\\Pipeline\\Pipeline->Illuminate\\Pipeline\\{closure}()
#47 /home/abujunaid/code/external/LFbackend/vendor/laravel/framework/src/Illuminate/Pipeline/Pipeline.php(185): Illuminate\\Http\\Middleware\\HandleCors->handle()
#48 /home/abujunaid/code/external/LFbackend/vendor/laravel/framework/src/Illuminate/Http/Middleware/TrustProxies.php(39): Illuminate\\Pipeline\\Pipeline->Illuminate\\Pipeline\\{closure}()
#49 /home/abujunaid/code/external/LFbackend/vendor/laravel/framework/src/Illuminate/Pipeline/Pipeline.php(185): Illuminate\\Http\\Middleware\\TrustProxies->handle()
#50 /home/abujunaid/code/external/LFbackend/vendor/laravel/framework/src/Illuminate/Pipeline/Pipeline.php(121): Illuminate\\Pipeline\\Pipeline->Illuminate\\Pipeline\\{closure}()
#51 /home/abujunaid/code/external/LFbackend/vendor/laravel/framework/src/Illuminate/Foundation/Http/Kernel.php(175): Illuminate\\Pipeline\\Pipeline->then()
#52 /home/abujunaid/code/external/LFbackend/vendor/laravel/framework/src/Illuminate/Foundation/Http/Kernel.php(144): Illuminate\\Foundation\\Http\\Kernel->sendRequestThroughRouter()
#53 /home/abujunaid/code/external/LFbackend/public/index.php(51): Illuminate\\Foundation\\Http\\Kernel->handle()
#54 /home/abujunaid/code/external/LFbackend/vendor/laravel/framework/src/Illuminate/Foundation/resources/server.php(16): require_once('...')
#55 {main}

[previous exception] [object] (PDOException(code: HY000): SQLSTATE[HY000]: General error: 1366 Incorrect integer value: 'null' for column 'cook_id' at row 1 at /home/abujunaid/code/external/LFbackend/vendor/laravel/framework/src/Illuminate/Database/MySqlConnection.php:45)
[stacktrace]
#0 /home/abujunaid/code/external/LFbackend/vendor/laravel/framework/src/Illuminate/Database/MySqlConnection.php(45): PDOStatement->execute()
#1 /home/abujunaid/code/external/LFbackend/vendor/laravel/framework/src/Illuminate/Database/Connection.php(816): Illuminate\\Database\\MySqlConnection->Illuminate\\Database\\{closure}()
#2 /home/abujunaid/code/external/LFbackend/vendor/laravel/framework/src/Illuminate/Database/Connection.php(783): Illuminate\\Database\\Connection->runQueryCallback()
#3 /home/abujunaid/code/external/LFbackend/vendor/laravel/framework/src/Illuminate/Database/MySqlConnection.php(34): Illuminate\\Database\\Connection->run()
#4 /home/abujunaid/code/external/LFbackend/vendor/laravel/framework/src/Illuminate/Database/Query/Processors/MySqlProcessor.php(35): Illuminate\\Database\\MySqlConnection->insert()
#5 /home/abujunaid/code/external/LFbackend/vendor/laravel/framework/src/Illuminate/Database/Query/Builder.php(3549): Illuminate\\Database\\Query\\Processors\\MySqlProcessor->processInsertGetId()
#6 /home/abujunaid/code/external/LFbackend/vendor/laravel/framework/src/Illuminate/Database/Eloquent/Builder.php(1982): Illuminate\\Database\\Query\\Builder->insertGetId()
#7 /home/abujunaid/code/external/LFbackend/vendor/laravel/framework/src/Illuminate/Database/Eloquent/Model.php(1334): Illuminate\\Database\\Eloquent\\Builder->__call()
#8 /home/abujunaid/code/external/LFbackend/vendor/laravel/framework/src/Illuminate/Database/Eloquent/Model.php(1299): Illuminate\\Database\\Eloquent\\Model->insertAndSetId()
#9 /home/abujunaid/code/external/LFbackend/vendor/laravel/framework/src/Illuminate/Database/Eloquent/Model.php(1138): Illuminate\\Database\\Eloquent\\Model->performInsert()
#10 /home/abujunaid/code/external/LFbackend/vendor/laravel/framework/src/Illuminate/Database/Eloquent/Builder.php(1025): Illuminate\\Database\\Eloquent\\Model->save()
#11 /home/abujunaid/code/external/LFbackend/vendor/laravel/framework/src/Illuminate/Support/helpers.php(307): Illuminate\\Database\\Eloquent\\Builder->Illuminate\\Database\\Eloquent\\{closure}()
#12 /home/abujunaid/code/external/LFbackend/vendor/laravel/framework/src/Illuminate/Database/Eloquent/Builder.php(1024): tap()
#13 /home/abujunaid/code/external/LFbackend/vendor/laravel/framework/src/Illuminate/Support/Traits/ForwardsCalls.php(23): Illuminate\\Database\\Eloquent\\Builder->create()
#14 /home/abujunaid/code/external/LFbackend/vendor/laravel/framework/src/Illuminate/Database/Eloquent/Model.php(2335): Illuminate\\Database\\Eloquent\\Model->forwardCallTo()
#15 /home/abujunaid/code/external/LFbackend/vendor/laravel/framework/src/Illuminate/Database/Eloquent/Model.php(2347): Illuminate\\Database\\Eloquent\\Model->__call()
#16 /home/abujunaid/code/external/LFbackend/app/Http/Controllers/Meal/v1/MealController.php(194): Illuminate\\Database\\Eloquent\\Model::__callStatic()
#17 /home/abujunaid/code/external/LFbackend/vendor/laravel/framework/src/Illuminate/Routing/Controller.php(54): App\\Http\\Controllers\\Meal\\v1\\MealController->store()
#18 /home/abujunaid/code/external/LFbackend/vendor/laravel/framework/src/Illuminate/Routing/ControllerDispatcher.php(43): Illuminate\\Routing\\Controller->callAction()
#19 /home/abujunaid/code/external/LFbackend/vendor/laravel/framework/src/Illuminate/Routing/Route.php(259): Illuminate\\Routing\\ControllerDispatcher->dispatch()
#20 /home/abujunaid/code/external/LFbackend/vendor/laravel/framework/src/Illuminate/Routing/Route.php(205): Illuminate\\Routing\\Route->runController()
#21 /home/abujunaid/code/external/LFbackend/vendor/laravel/framework/src/Illuminate/Routing/Router.php(806): Illuminate\\Routing\\Route->run()
#22 /home/abujunaid/code/external/LFbackend/vendor/laravel/framework/src/Illuminate/Pipeline/Pipeline.php(146): Illuminate\\Routing\\Router->Illuminate\\Routing\\{closure}()
#23 /home/abujunaid/code/external/LFbackend/vendor/laravel/framework/src/Illuminate/Routing/Middleware/SubstituteBindings.php(50): Illuminate\\Pipeline\\Pipeline->Illuminate\\Pipeline\\{closure}()
#24 /home/abujunaid/code/external/LFbackend/vendor/laravel/framework/src/Illuminate/Pipeline/Pipeline.php(185): Illuminate\\Routing\\Middleware\\SubstituteBindings->handle()
#25 /home/abujunaid/code/external/LFbackend/vendor/laravel/framework/src/Illuminate/Routing/Middleware/ThrottleRequests.php(159): Illuminate\\Pipeline\\Pipeline->Illuminate\\Pipeline\\{closure}()
#26 /home/abujunaid/code/external/LFbackend/vendor/laravel/framework/src/Illuminate/Routing/Middleware/ThrottleRequests.php(125): Illuminate\\Routing\\Middleware\\ThrottleRequests->handleRequest()
#27 /home/abujunaid/code/external/LFbackend/vendor/laravel/framework/src/Illuminate/Routing/Middleware/ThrottleRequests.php(87): Illuminate\\Routing\\Middleware\\ThrottleRequests->handleRequestUsingNamedLimiter()
#28 /home/abujunaid/code/external/LFbackend/vendor/laravel/framework/src/Illuminate/Pipeline/Pipeline.php(185): Illuminate\\Routing\\Middleware\\ThrottleRequests->handle()
#29 /home/abujunaid/code/external/LFbackend/vendor/laravel/framework/src/Illuminate/Auth/Middleware/Authenticate.php(57): Illuminate\\Pipeline\\Pipeline->Illuminate\\Pipeline\\{closure}()
#30 /home/abujunaid/code/external/LFbackend/vendor/laravel/framework/src/Illuminate/Pipeline/Pipeline.php(185): Illuminate\\Auth\\Middleware\\Authenticate->handle()
#31 /home/abujunaid/code/external/LFbackend/vendor/laravel/framework/src/Illuminate/Pipeline/Pipeline.php(121): Illuminate\\Pipeline\\Pipeline->Illuminate\\Pipeline\\{closure}()
#32 /home/abujunaid/code/external/LFbackend/vendor/laravel/framework/src/Illuminate/Routing/Router.php(805): Illuminate\\Pipeline\\Pipeline->then()
#33 /home/abujunaid/code/external/LFbackend/vendor/laravel/framework/src/Illuminate/Routing/Router.php(784): Illuminate\\Routing\\Router->runRouteWithinStack()
#34 /home/abujunaid/code/external/LFbackend/vendor/laravel/framework/src/Illuminate/Routing/Router.php(748): Illuminate\\Routing\\Router->runRoute()
#35 /home/abujunaid/code/external/LFbackend/vendor/laravel/framework/src/Illuminate/Routing/Router.php(737): Illuminate\\Routing\\Router->dispatchToRoute()
#36 /home/abujunaid/code/external/LFbackend/vendor/laravel/framework/src/Illuminate/Foundation/Http/Kernel.php(200): Illuminate\\Routing\\Router->dispatch()
#37 /home/abujunaid/code/external/LFbackend/vendor/laravel/framework/src/Illuminate/Pipeline/Pipeline.php(146): Illuminate\\Foundation\\Http\\Kernel->Illuminate\\Foundation\\Http\\{closure}()
#38 /home/abujunaid/code/external/LFbackend/vendor/laravel/framework/src/Illuminate/Foundation/Http/Middleware/TransformsRequest.php(21): Illuminate\\Pipeline\\Pipeline->Illuminate\\Pipeline\\{closure}()
#39 /home/abujunaid/code/external/LFbackend/vendor/laravel/framework/src/Illuminate/Foundation/Http/Middleware/ConvertEmptyStringsToNull.php(31): Illuminate\\Foundation\\Http\\Middleware\\TransformsRequest->handle()
#40 /home/abujunaid/code/external/LFbackend/vendor/laravel/framework/src/Illuminate/Pipeline/Pipeline.php(185): Illuminate\\Foundation\\Http\\Middleware\\ConvertEmptyStringsToNull->handle()
#41 /home/abujunaid/code/external/LFbackend/vendor/laravel/framework/src/Illuminate/Foundation/Http/Middleware/TransformsRequest.php(21): Illuminate\\Pipeline\\Pipeline->Illuminate\\Pipeline\\{closure}()
#42 /home/abujunaid/code/external/LFbackend/vendor/laravel/framework/src/Illuminate/Foundation/Http/Middleware/TrimStrings.php(40): Illuminate\\Foundation\\Http\\Middleware\\TransformsRequest->handle()
#43 /home/abujunaid/code/external/LFbackend/vendor/laravel/framework/src/Illuminate/Pipeline/Pipeline.php(185): Illuminate\\Foundation\\Http\\Middleware\\TrimStrings->handle()
#44 /home/abujunaid/code/external/LFbackend/vendor/laravel/framework/src/Illuminate/Foundation/Http/Middleware/ValidatePostSize.php(27): Illuminate\\Pipeline\\Pipeline->Illuminate\\Pipeline\\{closure}()
#45 /home/abujunaid/code/external/LFbackend/vendor/laravel/framework/src/Illuminate/Pipeline/Pipeline.php(185): Illuminate\\Foundation\\Http\\Middleware\\ValidatePostSize->handle()
#46 /home/abujunaid/code/external/LFbackend/vendor/laravel/framework/src/Illuminate/Foundation/Http/Middleware/PreventRequestsDuringMaintenance.php(99): Illuminate\\Pipeline\\Pipeline->Illuminate\\Pipeline\\{closure}()
#47 /home/abujunaid/code/external/LFbackend/vendor/laravel/framework/src/Illuminate/Pipeline/Pipeline.php(185): Illuminate\\Foundation\\Http\\Middleware\\PreventRequestsDuringMaintenance->handle()
#48 /home/abujunaid/code/external/LFbackend/vendor/laravel/framework/src/Illuminate/Http/Middleware/HandleCors.php(62): Illuminate\\Pipeline\\Pipeline->Illuminate\\Pipeline\\{closure}()
#49 /home/abujunaid/code/external/LFbackend/vendor/laravel/framework/src/Illuminate/Pipeline/Pipeline.php(185): Illuminate\\Http\\Middleware\\HandleCors->handle()
#50 /home/abujunaid/code/external/LFbackend/vendor/laravel/framework/src/Illuminate/Http/Middleware/TrustProxies.php(39): Illuminate\\Pipeline\\Pipeline->Illuminate\\Pipeline\\{closure}()
#51 /home/abujunaid/code/external/LFbackend/vendor/laravel/framework/src/Illuminate/Pipeline/Pipeline.php(185): Illuminate\\Http\\Middleware\\TrustProxies->handle()
#52 /home/abujunaid/code/external/LFbackend/vendor/laravel/framework/src/Illuminate/Pipeline/Pipeline.php(121): Illuminate\\Pipeline\\Pipeline->Illuminate\\Pipeline\\{closure}()
#53 /home/abujunaid/code/external/LFbackend/vendor/laravel/framework/src/Illuminate/Foundation/Http/Kernel.php(175): Illuminate\\Pipeline\\Pipeline->then()
#54 /home/abujunaid/code/external/LFbackend/vendor/laravel/framework/src/Illuminate/Foundation/Http/Kernel.php(144): Illuminate\\Foundation\\Http\\Kernel->sendRequestThroughRouter()
#55 /home/abujunaid/code/external/LFbackend/public/index.php(51): Illuminate\\Foundation\\Http\\Kernel->handle()
#56 /home/abujunaid/code/external/LFbackend/vendor/laravel/framework/src/Illuminate/Foundation/resources/server.php(16): require_once('...')
#57 {main}
"} 
[2024-11-30 17:10:39] local.ERROR: ErrorException: Undefined array key "quantity" in /home/abujunaid/code/external/LFbackend/app/Http/Controllers/Cook/v1/ShiftController.php:355
Stack trace:
#0 /home/abujunaid/code/external/LFbackend/vendor/laravel/framework/src/Illuminate/Foundation/Bootstrap/HandleExceptions.php(255): Illuminate\Foundation\Bootstrap\HandleExceptions->handleError()
#1 /home/abujunaid/code/external/LFbackend/app/Http/Controllers/Cook/v1/ShiftController.php(355): Illuminate\Foundation\Bootstrap\HandleExceptions->Illuminate\Foundation\Bootstrap\{closure}()
#2 /home/abujunaid/code/external/LFbackend/app/Http/Controllers/Cook/v1/ShiftController.php(305): App\Http\Controllers\Cook\v1\ShiftController->updateShiftMealIfExistOrAdd()
#3 /home/abujunaid/code/external/LFbackend/app/Http/Controllers/Cook/v1/ShiftController.php(114): App\Http\Controllers\Cook\v1\ShiftController->attachMeals()
#4 /home/abujunaid/code/external/LFbackend/vendor/laravel/framework/src/Illuminate/Routing/Controller.php(54): App\Http\Controllers\Cook\v1\ShiftController->store()
#5 /home/abujunaid/code/external/LFbackend/vendor/laravel/framework/src/Illuminate/Routing/ControllerDispatcher.php(43): Illuminate\Routing\Controller->callAction()
#6 /home/abujunaid/code/external/LFbackend/vendor/laravel/framework/src/Illuminate/Routing/Route.php(259): Illuminate\Routing\ControllerDispatcher->dispatch()
#7 /home/abujunaid/code/external/LFbackend/vendor/laravel/framework/src/Illuminate/Routing/Route.php(205): Illuminate\Routing\Route->runController()
#8 /home/abujunaid/code/external/LFbackend/vendor/laravel/framework/src/Illuminate/Routing/Router.php(806): Illuminate\Routing\Route->run()
#9 /home/abujunaid/code/external/LFbackend/vendor/laravel/framework/src/Illuminate/Pipeline/Pipeline.php(146): Illuminate\Routing\Router->Illuminate\Routing\{closure}()
#10 /home/abujunaid/code/external/LFbackend/vendor/laravel/framework/src/Illuminate/Routing/Middleware/SubstituteBindings.php(50): Illuminate\Pipeline\Pipeline->Illuminate\Pipeline\{closure}()
#11 /home/abujunaid/code/external/LFbackend/vendor/laravel/framework/src/Illuminate/Pipeline/Pipeline.php(185): Illuminate\Routing\Middleware\SubstituteBindings->handle()
#12 /home/abujunaid/code/external/LFbackend/vendor/laravel/framework/src/Illuminate/Routing/Middleware/ThrottleRequests.php(159): Illuminate\Pipeline\Pipeline->Illuminate\Pipeline\{closure}()
#13 /home/abujunaid/code/external/LFbackend/vendor/laravel/framework/src/Illuminate/Routing/Middleware/ThrottleRequests.php(125): Illuminate\Routing\Middleware\ThrottleRequests->handleRequest()
#14 /home/abujunaid/code/external/LFbackend/vendor/laravel/framework/src/Illuminate/Routing/Middleware/ThrottleRequests.php(87): Illuminate\Routing\Middleware\ThrottleRequests->handleRequestUsingNamedLimiter()
#15 /home/abujunaid/code/external/LFbackend/vendor/laravel/framework/src/Illuminate/Pipeline/Pipeline.php(185): Illuminate\Routing\Middleware\ThrottleRequests->handle()
#16 /home/abujunaid/code/external/LFbackend/vendor/laravel/framework/src/Illuminate/Auth/Middleware/Authenticate.php(57): Illuminate\Pipeline\Pipeline->Illuminate\Pipeline\{closure}()
#17 /home/abujunaid/code/external/LFbackend/vendor/laravel/framework/src/Illuminate/Pipeline/Pipeline.php(185): Illuminate\Auth\Middleware\Authenticate->handle()
#18 /home/abujunaid/code/external/LFbackend/vendor/laravel/framework/src/Illuminate/Pipeline/Pipeline.php(121): Illuminate\Pipeline\Pipeline->Illuminate\Pipeline\{closure}()
#19 /home/abujunaid/code/external/LFbackend/vendor/laravel/framework/src/Illuminate/Routing/Router.php(805): Illuminate\Pipeline\Pipeline->then()
#20 /home/abujunaid/code/external/LFbackend/vendor/laravel/framework/src/Illuminate/Routing/Router.php(784): Illuminate\Routing\Router->runRouteWithinStack()
#21 /home/abujunaid/code/external/LFbackend/vendor/laravel/framework/src/Illuminate/Routing/Router.php(748): Illuminate\Routing\Router->runRoute()
#22 /home/abujunaid/code/external/LFbackend/vendor/laravel/framework/src/Illuminate/Routing/Router.php(737): Illuminate\Routing\Router->dispatchToRoute()
#23 /home/abujunaid/code/external/LFbackend/vendor/laravel/framework/src/Illuminate/Foundation/Http/Kernel.php(200): Illuminate\Routing\Router->dispatch()
#24 /home/abujunaid/code/external/LFbackend/vendor/laravel/framework/src/Illuminate/Pipeline/Pipeline.php(146): Illuminate\Foundation\Http\Kernel->Illuminate\Foundation\Http\{closure}()
#25 /home/abujunaid/code/external/LFbackend/vendor/laravel/framework/src/Illuminate/Foundation/Http/Middleware/TransformsRequest.php(21): Illuminate\Pipeline\Pipeline->Illuminate\Pipeline\{closure}()
#26 /home/abujunaid/code/external/LFbackend/vendor/laravel/framework/src/Illuminate/Foundation/Http/Middleware/ConvertEmptyStringsToNull.php(31): Illuminate\Foundation\Http\Middleware\TransformsRequest->handle()
#27 /home/abujunaid/code/external/LFbackend/vendor/laravel/framework/src/Illuminate/Pipeline/Pipeline.php(185): Illuminate\Foundation\Http\Middleware\ConvertEmptyStringsToNull->handle()
#28 /home/abujunaid/code/external/LFbackend/vendor/laravel/framework/src/Illuminate/Foundation/Http/Middleware/TransformsRequest.php(21): Illuminate\Pipeline\Pipeline->Illuminate\Pipeline\{closure}()
#29 /home/abujunaid/code/external/LFbackend/vendor/laravel/framework/src/Illuminate/Foundation/Http/Middleware/TrimStrings.php(40): Illuminate\Foundation\Http\Middleware\TransformsRequest->handle()
#30 /home/abujunaid/code/external/LFbackend/vendor/laravel/framework/src/Illuminate/Pipeline/Pipeline.php(185): Illuminate\Foundation\Http\Middleware\TrimStrings->handle()
#31 /home/abujunaid/code/external/LFbackend/vendor/laravel/framework/src/Illuminate/Foundation/Http/Middleware/ValidatePostSize.php(27): Illuminate\Pipeline\Pipeline->Illuminate\Pipeline\{closure}()
#32 /home/abujunaid/code/external/LFbackend/vendor/laravel/framework/src/Illuminate/Pipeline/Pipeline.php(185): Illuminate\Foundation\Http\Middleware\ValidatePostSize->handle()
#33 /home/abujunaid/code/external/LFbackend/vendor/laravel/framework/src/Illuminate/Foundation/Http/Middleware/PreventRequestsDuringMaintenance.php(99): Illuminate\Pipeline\Pipeline->Illuminate\Pipeline\{closure}()
#34 /home/abujunaid/code/external/LFbackend/vendor/laravel/framework/src/Illuminate/Pipeline/Pipeline.php(185): Illuminate\Foundation\Http\Middleware\PreventRequestsDuringMaintenance->handle()
#35 /home/abujunaid/code/external/LFbackend/vendor/laravel/framework/src/Illuminate/Http/Middleware/HandleCors.php(62): Illuminate\Pipeline\Pipeline->Illuminate\Pipeline\{closure}()
#36 /home/abujunaid/code/external/LFbackend/vendor/laravel/framework/src/Illuminate/Pipeline/Pipeline.php(185): Illuminate\Http\Middleware\HandleCors->handle()
#37 /home/abujunaid/code/external/LFbackend/vendor/laravel/framework/src/Illuminate/Http/Middleware/TrustProxies.php(39): Illuminate\Pipeline\Pipeline->Illuminate\Pipeline\{closure}()
#38 /home/abujunaid/code/external/LFbackend/vendor/laravel/framework/src/Illuminate/Pipeline/Pipeline.php(185): Illuminate\Http\Middleware\TrustProxies->handle()
#39 /home/abujunaid/code/external/LFbackend/vendor/laravel/framework/src/Illuminate/Pipeline/Pipeline.php(121): Illuminate\Pipeline\Pipeline->Illuminate\Pipeline\{closure}()
#40 /home/abujunaid/code/external/LFbackend/vendor/laravel/framework/src/Illuminate/Foundation/Http/Kernel.php(175): Illuminate\Pipeline\Pipeline->then()
#41 /home/abujunaid/code/external/LFbackend/vendor/laravel/framework/src/Illuminate/Foundation/Http/Kernel.php(144): Illuminate\Foundation\Http\Kernel->sendRequestThroughRouter()
#42 /home/abujunaid/code/external/LFbackend/public/index.php(51): Illuminate\Foundation\Http\Kernel->handle()
#43 /home/abujunaid/code/external/LFbackend/vendor/laravel/framework/src/Illuminate/Foundation/resources/server.php(16): require_once('...')
#44 {main}  
[2024-11-30 17:10:39] local.ERROR: Undefined array key "quantity" {"userId":1,"exception":"[object] (ErrorException(code: 0): Undefined array key \"quantity\" at /home/abujunaid/code/external/LFbackend/app/Http/Controllers/Cook/v1/ShiftController.php:355)
[stacktrace]
#0 /home/abujunaid/code/external/LFbackend/vendor/laravel/framework/src/Illuminate/Foundation/Bootstrap/HandleExceptions.php(255): Illuminate\\Foundation\\Bootstrap\\HandleExceptions->handleError()
#1 /home/abujunaid/code/external/LFbackend/app/Http/Controllers/Cook/v1/ShiftController.php(355): Illuminate\\Foundation\\Bootstrap\\HandleExceptions->Illuminate\\Foundation\\Bootstrap\\{closure}()
#2 /home/abujunaid/code/external/LFbackend/app/Http/Controllers/Cook/v1/ShiftController.php(305): App\\Http\\Controllers\\Cook\\v1\\ShiftController->updateShiftMealIfExistOrAdd()
#3 /home/abujunaid/code/external/LFbackend/app/Http/Controllers/Cook/v1/ShiftController.php(114): App\\Http\\Controllers\\Cook\\v1\\ShiftController->attachMeals()
#4 /home/abujunaid/code/external/LFbackend/vendor/laravel/framework/src/Illuminate/Routing/Controller.php(54): App\\Http\\Controllers\\Cook\\v1\\ShiftController->store()
#5 /home/abujunaid/code/external/LFbackend/vendor/laravel/framework/src/Illuminate/Routing/ControllerDispatcher.php(43): Illuminate\\Routing\\Controller->callAction()
#6 /home/abujunaid/code/external/LFbackend/vendor/laravel/framework/src/Illuminate/Routing/Route.php(259): Illuminate\\Routing\\ControllerDispatcher->dispatch()
#7 /home/abujunaid/code/external/LFbackend/vendor/laravel/framework/src/Illuminate/Routing/Route.php(205): Illuminate\\Routing\\Route->runController()
#8 /home/abujunaid/code/external/LFbackend/vendor/laravel/framework/src/Illuminate/Routing/Router.php(806): Illuminate\\Routing\\Route->run()
#9 /home/abujunaid/code/external/LFbackend/vendor/laravel/framework/src/Illuminate/Pipeline/Pipeline.php(146): Illuminate\\Routing\\Router->Illuminate\\Routing\\{closure}()
#10 /home/abujunaid/code/external/LFbackend/vendor/laravel/framework/src/Illuminate/Routing/Middleware/SubstituteBindings.php(50): Illuminate\\Pipeline\\Pipeline->Illuminate\\Pipeline\\{closure}()
#11 /home/abujunaid/code/external/LFbackend/vendor/laravel/framework/src/Illuminate/Pipeline/Pipeline.php(185): Illuminate\\Routing\\Middleware\\SubstituteBindings->handle()
#12 /home/abujunaid/code/external/LFbackend/vendor/laravel/framework/src/Illuminate/Routing/Middleware/ThrottleRequests.php(159): Illuminate\\Pipeline\\Pipeline->Illuminate\\Pipeline\\{closure}()
#13 /home/abujunaid/code/external/LFbackend/vendor/laravel/framework/src/Illuminate/Routing/Middleware/ThrottleRequests.php(125): Illuminate\\Routing\\Middleware\\ThrottleRequests->handleRequest()
#14 /home/abujunaid/code/external/LFbackend/vendor/laravel/framework/src/Illuminate/Routing/Middleware/ThrottleRequests.php(87): Illuminate\\Routing\\Middleware\\ThrottleRequests->handleRequestUsingNamedLimiter()
#15 /home/abujunaid/code/external/LFbackend/vendor/laravel/framework/src/Illuminate/Pipeline/Pipeline.php(185): Illuminate\\Routing\\Middleware\\ThrottleRequests->handle()
#16 /home/abujunaid/code/external/LFbackend/vendor/laravel/framework/src/Illuminate/Auth/Middleware/Authenticate.php(57): Illuminate\\Pipeline\\Pipeline->Illuminate\\Pipeline\\{closure}()
#17 /home/abujunaid/code/external/LFbackend/vendor/laravel/framework/src/Illuminate/Pipeline/Pipeline.php(185): Illuminate\\Auth\\Middleware\\Authenticate->handle()
#18 /home/abujunaid/code/external/LFbackend/vendor/laravel/framework/src/Illuminate/Pipeline/Pipeline.php(121): Illuminate\\Pipeline\\Pipeline->Illuminate\\Pipeline\\{closure}()
#19 /home/abujunaid/code/external/LFbackend/vendor/laravel/framework/src/Illuminate/Routing/Router.php(805): Illuminate\\Pipeline\\Pipeline->then()
#20 /home/abujunaid/code/external/LFbackend/vendor/laravel/framework/src/Illuminate/Routing/Router.php(784): Illuminate\\Routing\\Router->runRouteWithinStack()
#21 /home/abujunaid/code/external/LFbackend/vendor/laravel/framework/src/Illuminate/Routing/Router.php(748): Illuminate\\Routing\\Router->runRoute()
#22 /home/abujunaid/code/external/LFbackend/vendor/laravel/framework/src/Illuminate/Routing/Router.php(737): Illuminate\\Routing\\Router->dispatchToRoute()
#23 /home/abujunaid/code/external/LFbackend/vendor/laravel/framework/src/Illuminate/Foundation/Http/Kernel.php(200): Illuminate\\Routing\\Router->dispatch()
#24 /home/abujunaid/code/external/LFbackend/vendor/laravel/framework/src/Illuminate/Pipeline/Pipeline.php(146): Illuminate\\Foundation\\Http\\Kernel->Illuminate\\Foundation\\Http\\{closure}()
#25 /home/abujunaid/code/external/LFbackend/vendor/laravel/framework/src/Illuminate/Foundation/Http/Middleware/TransformsRequest.php(21): Illuminate\\Pipeline\\Pipeline->Illuminate\\Pipeline\\{closure}()
#26 /home/abujunaid/code/external/LFbackend/vendor/laravel/framework/src/Illuminate/Foundation/Http/Middleware/ConvertEmptyStringsToNull.php(31): Illuminate\\Foundation\\Http\\Middleware\\TransformsRequest->handle()
#27 /home/abujunaid/code/external/LFbackend/vendor/laravel/framework/src/Illuminate/Pipeline/Pipeline.php(185): Illuminate\\Foundation\\Http\\Middleware\\ConvertEmptyStringsToNull->handle()
#28 /home/abujunaid/code/external/LFbackend/vendor/laravel/framework/src/Illuminate/Foundation/Http/Middleware/TransformsRequest.php(21): Illuminate\\Pipeline\\Pipeline->Illuminate\\Pipeline\\{closure}()
#29 /home/abujunaid/code/external/LFbackend/vendor/laravel/framework/src/Illuminate/Foundation/Http/Middleware/TrimStrings.php(40): Illuminate\\Foundation\\Http\\Middleware\\TransformsRequest->handle()
#30 /home/abujunaid/code/external/LFbackend/vendor/laravel/framework/src/Illuminate/Pipeline/Pipeline.php(185): Illuminate\\Foundation\\Http\\Middleware\\TrimStrings->handle()
#31 /home/abujunaid/code/external/LFbackend/vendor/laravel/framework/src/Illuminate/Foundation/Http/Middleware/ValidatePostSize.php(27): Illuminate\\Pipeline\\Pipeline->Illuminate\\Pipeline\\{closure}()
#32 /home/abujunaid/code/external/LFbackend/vendor/laravel/framework/src/Illuminate/Pipeline/Pipeline.php(185): Illuminate\\Foundation\\Http\\Middleware\\ValidatePostSize->handle()
#33 /home/abujunaid/code/external/LFbackend/vendor/laravel/framework/src/Illuminate/Foundation/Http/Middleware/PreventRequestsDuringMaintenance.php(99): Illuminate\\Pipeline\\Pipeline->Illuminate\\Pipeline\\{closure}()
#34 /home/abujunaid/code/external/LFbackend/vendor/laravel/framework/src/Illuminate/Pipeline/Pipeline.php(185): Illuminate\\Foundation\\Http\\Middleware\\PreventRequestsDuringMaintenance->handle()
#35 /home/abujunaid/code/external/LFbackend/vendor/laravel/framework/src/Illuminate/Http/Middleware/HandleCors.php(62): Illuminate\\Pipeline\\Pipeline->Illuminate\\Pipeline\\{closure}()
#36 /home/abujunaid/code/external/LFbackend/vendor/laravel/framework/src/Illuminate/Pipeline/Pipeline.php(185): Illuminate\\Http\\Middleware\\HandleCors->handle()
#37 /home/abujunaid/code/external/LFbackend/vendor/laravel/framework/src/Illuminate/Http/Middleware/TrustProxies.php(39): Illuminate\\Pipeline\\Pipeline->Illuminate\\Pipeline\\{closure}()
#38 /home/abujunaid/code/external/LFbackend/vendor/laravel/framework/src/Illuminate/Pipeline/Pipeline.php(185): Illuminate\\Http\\Middleware\\TrustProxies->handle()
#39 /home/abujunaid/code/external/LFbackend/vendor/laravel/framework/src/Illuminate/Pipeline/Pipeline.php(121): Illuminate\\Pipeline\\Pipeline->Illuminate\\Pipeline\\{closure}()
#40 /home/abujunaid/code/external/LFbackend/vendor/laravel/framework/src/Illuminate/Foundation/Http/Kernel.php(175): Illuminate\\Pipeline\\Pipeline->then()
#41 /home/abujunaid/code/external/LFbackend/vendor/laravel/framework/src/Illuminate/Foundation/Http/Kernel.php(144): Illuminate\\Foundation\\Http\\Kernel->sendRequestThroughRouter()
#42 /home/abujunaid/code/external/LFbackend/public/index.php(51): Illuminate\\Foundation\\Http\\Kernel->handle()
#43 /home/abujunaid/code/external/LFbackend/vendor/laravel/framework/src/Illuminate/Foundation/resources/server.php(16): require_once('...')
#44 {main}
"} 
